2026-04-29 12:54:36,783  INFO      Sequences ensured.
2026-04-29 12:54:36,856  INFO      dim_client loaded: 1000 rows
2026-04-29 12:54:36,870  INFO      dim_event loaded: 1 rows
2026-04-29 12:54:36,879  INFO      dim_location loaded: 1 rows
2026-04-29 12:54:36,887  INFO      dim_sponsor loaded: 1 rows
2026-04-29 12:54:36,899  INFO      fact_race_result loaded: 0 rows
2026-04-29 12:54:36,900  INFO      Gold layer loaded successfully
2026-04-29 13:01:31,530  INFO      Sequences ensured.
2026-04-29 13:01:31,603  INFO      dim_client loaded: 1000 rows
2026-04-29 13:01:31,609  INFO      dim_event loaded: 1 rows
2026-04-29 13:01:31,613  INFO      dim_location loaded: 1 rows
2026-04-29 13:01:31,616  INFO      dim_sponsor loaded: 1 rows
2026-04-29 13:01:31,637  INFO      fact_race_result loaded: 1000 rows
2026-04-29 13:01:31,639  INFO      Gold layer loaded successfully
2026-04-29 13:02:01,383  INFO      Sequences ensured.
2026-04-29 13:02:01,406  INFO      dim_client loaded: 1000 rows
2026-04-29 13:02:01,444  INFO      dim_event loaded: 1 rows
2026-04-29 13:02:01,447  INFO      dim_location loaded: 1 rows
2026-04-29 13:02:01,451  INFO      dim_sponsor loaded: 1 rows
2026-04-29 13:02:01,470  INFO      fact_race_result loaded: 1000 rows
2026-04-29 13:02:01,471  INFO      Gold layer loaded successfully
2026-04-29 13:03:48,223  INFO      Sequences ensured.
2026-04-29 13:03:48,238  INFO      dim_client loaded: 10 rows
2026-04-29 13:03:48,275  INFO      dim_event loaded: 1 rows
2026-04-29 13:03:48,279  INFO      dim_location loaded: 1 rows
2026-04-29 13:03:48,284  INFO      dim_sponsor loaded: 1 rows
2026-04-29 13:03:48,302  INFO      fact_race_result loaded: 10 rows
2026-04-29 13:03:48,303  INFO      Gold layer loaded successfully
2026-04-29 13:16:41,146  INFO      Sequences ensured.
2026-04-29 13:16:41,150  INFO      dim_client loaded: 10 rows
2026-04-29 13:16:41,186  INFO      dim_event loaded: 1 rows
2026-04-29 13:16:41,190  INFO      dim_location loaded: 1 rows
2026-04-29 13:16:41,193  INFO      dim_sponsor loaded: 1 rows
2026-04-29 13:16:41,198  INFO      fact_race_result loaded: 10 rows
2026-04-29 13:16:41,198  INFO      Gold layer loaded successfully
2026-04-29 13:17:08,586  INFO      Sequences ensured.
2026-04-29 13:17:08,592  INFO      dim_client loaded: 10 rows
2026-04-29 13:17:08,629  INFO      dim_event loaded: 1 rows
2026-04-29 13:17:08,634  INFO      dim_location loaded: 1 rows
2026-04-29 13:17:08,638  INFO      dim_sponsor loaded: 1 rows
2026-04-29 13:17:08,644  INFO      fact_race_result loaded: 0 rows
2026-04-29 13:17:08,644  INFO      Gold layer loaded successfully
2026-04-29 13:27:57,003  INFO      Sequences ensured.
2026-04-29 13:27:57,008  INFO      dim_client loaded: 10 rows
2026-04-29 13:27:57,045  INFO      dim_event loaded: 1 rows
2026-04-29 13:27:57,050  INFO      dim_location loaded: 1 rows
2026-04-29 13:27:57,055  INFO      dim_sponsor loaded: 1 rows
2026-04-29 13:27:57,062  INFO      fact_race_result loaded: 10 rows
2026-04-29 13:27:57,063  INFO      Gold layer loaded successfully
2026-04-29 13:32:12,738  INFO      Sequences ensured.
2026-04-29 13:32:12,744  INFO      dim_client loaded: 10 rows
2026-04-29 13:32:12,755  INFO      dim_event loaded: 1 rows
2026-04-29 13:32:12,759  INFO      dim_location loaded: 1 rows
2026-04-29 13:32:12,764  INFO      dim_sponsor loaded: 1 rows
2026-04-29 13:32:12,770  INFO      fact_race_result loaded: 10 rows
2026-04-29 13:32:12,771  INFO      Gold layer loaded successfully
