2026-04-29 12:54:31,587  INFO      ============================================================
2026-04-29 12:54:31,589  INFO      NOVA MARATHON MASTER PIPELINE STARTED
2026-04-29 12:54:31,591  INFO      ============================================================
2026-04-29 12:54:31,592  INFO      ============================================================
2026-04-29 12:54:31,597  INFO      STEP 1 START | BRONZE  - CSV to RAW
2026-04-29 12:54:31,599  INFO      ============================================================
2026-04-29 12:54:34,788  INFO      
2026-04-29 12:54:34,808  INFO      Loading nova_registration.csv → raw_client ...
2026-04-29 12:54:34,834  INFO      ➡️ Loading raw_client → client_all ...
2026-04-29 12:54:34,835  INFO      ✅ client_all loaded successfully.
2026-04-29 12:54:34,839  INFO      ✅ raw_client loaded successfully.
2026-04-29 12:54:34,841  INFO      
2026-04-29 12:54:34,843  INFO      Loading nova_result.csv → raw_result ...
2026-04-29 12:54:34,844  INFO      ➡️ Loading raw_result → result_all ...
2026-04-29 12:54:34,847  INFO      ✅ result_all loaded successfully.
2026-04-29 12:54:34,849  INFO      ✅ raw_result loaded successfully.
2026-04-29 12:54:34,852  INFO      
2026-04-29 12:54:34,853  INFO      Loading nova_event.csv → raw_event ...
2026-04-29 12:54:34,853  INFO      ➡️ Loading raw_event → event_all ...
2026-04-29 12:54:34,854  INFO      ✅ event_all loaded successfully.
2026-04-29 12:54:34,854  INFO      ✅ raw_event loaded successfully.
2026-04-29 12:54:34,854  INFO      
2026-04-29 12:54:34,855  INFO      ==================================================
2026-04-29 12:54:34,857  INFO      🎉 All tables loaded successfully!
2026-04-29 12:54:34,858  INFO      ==================================================
2026-04-29 12:54:34,910  INFO      STEP 1 SUCCESS | Time: 3.31s
2026-04-29 12:54:34,933  INFO      ============================================================
2026-04-29 12:54:34,939  INFO      STEP 2 START | SILVER  - RAW to STG
2026-04-29 12:54:34,941  INFO      ============================================================
2026-04-29 12:54:35,555  INFO      2026-04-29 12:54:35,555  INFO      🚀 Starting Silver ETL...
2026-04-29 12:54:35,748  INFO      2026-04-29 12:54:35,748  INFO      ✅ Database connected.
2026-04-29 12:54:35,755  INFO      2026-04-29 12:54:35,755  INFO      ✅ Silver tables ready.
2026-04-29 12:54:35,765  INFO      2026-04-29 12:54:35,755  INFO      Truncating stg_client_result...
2026-04-29 12:54:35,768  INFO      2026-04-29 12:54:35,764  INFO      Loading stg_client_result...
2026-04-29 12:54:35,819  INFO      2026-04-29 12:54:35,819  INFO      ✅ stg_client_result loaded.
2026-04-29 12:54:35,830  INFO      2026-04-29 12:54:35,819  INFO      Truncating stg_event...
2026-04-29 12:54:35,837  INFO      2026-04-29 12:54:35,825  INFO      Loading stg_event...
2026-04-29 12:54:35,837  INFO      2026-04-29 12:54:35,832  INFO      ✅ stg_event loaded.
2026-04-29 12:54:35,839  INFO      2026-04-29 12:54:35,832  INFO      🎉 Silver layer load complete!
2026-04-29 12:54:35,840  INFO      2026-04-29 12:54:35,832  INFO      DB connection closed.
2026-04-29 12:54:35,920  INFO      STEP 2 SUCCESS | Time: 0.98s
2026-04-29 12:54:35,923  INFO      ============================================================
2026-04-29 12:54:35,924  INFO      STEP 3 START | GOLD    - STG to DIM/FACT
2026-04-29 12:54:35,928  INFO      ============================================================
2026-04-29 12:54:36,783  INFO      2026-04-29 12:54:36,783  INFO      Sequences ensured.
2026-04-29 12:54:36,857  INFO      2026-04-29 12:54:36,856  INFO      dim_client loaded: 1000 rows
2026-04-29 12:54:36,870  INFO      2026-04-29 12:54:36,870  INFO      dim_event loaded: 1 rows
2026-04-29 12:54:36,879  INFO      2026-04-29 12:54:36,879  INFO      dim_location loaded: 1 rows
2026-04-29 12:54:36,888  INFO      2026-04-29 12:54:36,887  INFO      dim_sponsor loaded: 1 rows
2026-04-29 12:54:36,900  INFO      2026-04-29 12:54:36,899  INFO      fact_race_result loaded: 0 rows
2026-04-29 12:54:36,900  INFO      2026-04-29 12:54:36,900  INFO      Gold layer loaded successfully
2026-04-29 12:54:36,948  INFO      STEP 3 SUCCESS | Time: 1.02s
2026-04-29 12:54:36,949  INFO      ============================================================
2026-04-29 12:54:36,949  INFO      PIPELINE SUMMARY
2026-04-29 12:54:36,949  INFO      ============================================================
2026-04-29 12:54:36,949  INFO      Step 1 | SUCCESS | BRONZE  - CSV to RAW
2026-04-29 12:54:36,950  INFO      Step 2 | SUCCESS | SILVER  - RAW to STG
2026-04-29 12:54:36,950  INFO      Step 3 | SUCCESS | GOLD    - STG to DIM/FACT
2026-04-29 12:54:36,950  INFO      ------------------------------------------------------------
2026-04-29 12:54:36,950  INFO      Start Time : 2026-04-29 12:54:31.587538
2026-04-29 12:54:36,950  INFO      End Time   : 2026-04-29 12:54:36.949010
2026-04-29 12:54:36,951  INFO      Total Time : 5.36s
2026-04-29 12:54:36,951  INFO      PIPELINE COMPLETED SUCCESSFULLY
2026-04-29 13:01:29,687  INFO      ============================================================
2026-04-29 13:01:29,687  INFO      NOVA MARATHON MASTER PIPELINE STARTED
2026-04-29 13:01:29,688  INFO      ============================================================
2026-04-29 13:01:29,688  INFO      ============================================================
2026-04-29 13:01:29,688  INFO      STEP 1 START | BRONZE  - CSV to RAW
2026-04-29 13:01:29,688  INFO      ============================================================
2026-04-29 13:01:30,360  INFO      
2026-04-29 13:01:30,361  INFO      Loading nova_registration.csv → raw_client ...
2026-04-29 13:01:30,361  INFO      ➡️ Loading raw_client → client_all ...
2026-04-29 13:01:30,361  INFO      ✅ client_all loaded successfully.
2026-04-29 13:01:30,362  INFO      ✅ raw_client loaded successfully.
2026-04-29 13:01:30,362  INFO      
2026-04-29 13:01:30,362  INFO      Loading nova_result.csv → raw_result ...
2026-04-29 13:01:30,362  INFO      ➡️ Loading raw_result → result_all ...
2026-04-29 13:01:30,362  INFO      ✅ result_all loaded successfully.
2026-04-29 13:01:30,362  INFO      ✅ raw_result loaded successfully.
2026-04-29 13:01:30,363  INFO      
2026-04-29 13:01:30,363  INFO      Loading nova_event.csv → raw_event ...
2026-04-29 13:01:30,363  INFO      ➡️ Loading raw_event → event_all ...
2026-04-29 13:01:30,363  INFO      ✅ event_all loaded successfully.
2026-04-29 13:01:30,363  INFO      ✅ raw_event loaded successfully.
2026-04-29 13:01:30,363  INFO      
2026-04-29 13:01:30,364  INFO      ==================================================
2026-04-29 13:01:30,364  INFO      🎉 All tables loaded successfully!
2026-04-29 13:01:30,364  INFO      ==================================================
2026-04-29 13:01:30,383  INFO      STEP 1 SUCCESS | Time: 0.69s
2026-04-29 13:01:30,384  INFO      ============================================================
2026-04-29 13:01:30,384  INFO      STEP 2 START | SILVER  - RAW to STG
2026-04-29 13:01:30,384  INFO      ============================================================
2026-04-29 13:01:30,527  INFO      2026-04-29 13:01:30,526  INFO      🚀 Starting Silver ETL...
2026-04-29 13:01:30,616  INFO      2026-04-29 13:01:30,615  INFO      ✅ Database connected.
2026-04-29 13:01:30,618  INFO      2026-04-29 13:01:30,617  INFO      ✅ Silver tables ready.
2026-04-29 13:01:30,618  INFO      2026-04-29 13:01:30,618  INFO      Truncating stg_client_result...
2026-04-29 13:01:30,623  INFO      2026-04-29 13:01:30,623  INFO      Loading stg_client_result...
2026-04-29 13:01:30,651  INFO      2026-04-29 13:01:30,651  INFO      ✅ stg_client_result loaded.
2026-04-29 13:01:30,651  INFO      2026-04-29 13:01:30,651  INFO      Truncating stg_event...
2026-04-29 13:01:30,655  INFO      2026-04-29 13:01:30,655  INFO      Loading stg_event...
2026-04-29 13:01:30,660  INFO      2026-04-29 13:01:30,660  INFO      ✅ stg_event loaded.
2026-04-29 13:01:30,660  INFO      2026-04-29 13:01:30,660  INFO      🎉 Silver layer load complete!
2026-04-29 13:01:30,660  INFO      2026-04-29 13:01:30,660  INFO      DB connection closed.
2026-04-29 13:01:30,715  INFO      STEP 2 SUCCESS | Time: 0.33s
2026-04-29 13:01:30,723  INFO      ============================================================
2026-04-29 13:01:30,723  INFO      STEP 3 START | DIM DATE - DATE DIMENSION
2026-04-29 13:01:30,723  INFO      ============================================================
2026-04-29 13:01:31,194  INFO      ✅ DIM_DATE LOADED SUCCESSFULLY
2026-04-29 13:01:31,214  INFO      STEP 3 SUCCESS | Time: 0.49s
2026-04-29 13:01:31,215  INFO      ============================================================
2026-04-29 13:01:31,215  INFO      STEP 4 START | GOLD    - STG to DIM/FACT
2026-04-29 13:01:31,215  INFO      ============================================================
2026-04-29 13:01:31,530  INFO      2026-04-29 13:01:31,530  INFO      Sequences ensured.
2026-04-29 13:01:31,603  INFO      2026-04-29 13:01:31,603  INFO      dim_client loaded: 1000 rows
2026-04-29 13:01:31,609  INFO      2026-04-29 13:01:31,609  INFO      dim_event loaded: 1 rows
2026-04-29 13:01:31,614  INFO      2026-04-29 13:01:31,613  INFO      dim_location loaded: 1 rows
2026-04-29 13:01:31,616  INFO      2026-04-29 13:01:31,616  INFO      dim_sponsor loaded: 1 rows
2026-04-29 13:01:31,637  INFO      2026-04-29 13:01:31,637  INFO      fact_race_result loaded: 1000 rows
2026-04-29 13:01:31,639  INFO      2026-04-29 13:01:31,639  INFO      Gold layer loaded successfully
2026-04-29 13:01:31,664  INFO      STEP 4 SUCCESS | Time: 0.45s
2026-04-29 13:01:31,664  INFO      ============================================================
2026-04-29 13:01:31,664  INFO      PIPELINE SUMMARY
2026-04-29 13:01:31,664  INFO      ============================================================
2026-04-29 13:01:31,664  INFO      Step 1 | SUCCESS | BRONZE  - CSV to RAW
2026-04-29 13:01:31,665  INFO      Step 2 | SUCCESS | SILVER  - RAW to STG
2026-04-29 13:01:31,665  INFO      Step 3 | SUCCESS | DIM DATE - DATE DIMENSION
2026-04-29 13:01:31,665  INFO      Step 4 | SUCCESS | GOLD    - STG to DIM/FACT
2026-04-29 13:01:31,665  INFO      ------------------------------------------------------------
2026-04-29 13:01:31,665  INFO      Start Time : 2026-04-29 13:01:29.687354
2026-04-29 13:01:31,666  INFO      End Time   : 2026-04-29 13:01:31.664660
2026-04-29 13:01:31,666  INFO      Total Time : 1.98s
2026-04-29 13:01:31,666  INFO      PIPELINE COMPLETED SUCCESSFULLY
2026-04-29 13:01:59,900  INFO      ============================================================
2026-04-29 13:01:59,900  INFO      NOVA MARATHON MASTER PIPELINE STARTED
2026-04-29 13:01:59,901  INFO      ============================================================
2026-04-29 13:01:59,901  INFO      ============================================================
2026-04-29 13:01:59,901  INFO      STEP 1 START | BRONZE  - CSV to RAW
2026-04-29 13:01:59,901  INFO      ============================================================
2026-04-29 13:02:00,363  INFO      
2026-04-29 13:02:00,363  INFO      Loading nova_registration.csv → raw_client ...
2026-04-29 13:02:00,364  INFO      ➡️ Loading raw_client → client_all ...
2026-04-29 13:02:00,364  INFO      ✅ client_all loaded successfully.
2026-04-29 13:02:00,365  INFO      ✅ raw_client loaded successfully.
2026-04-29 13:02:00,365  INFO      
2026-04-29 13:02:00,365  INFO      Loading nova_result.csv → raw_result ...
2026-04-29 13:02:00,365  INFO      ➡️ Loading raw_result → result_all ...
2026-04-29 13:02:00,365  INFO      ✅ result_all loaded successfully.
2026-04-29 13:02:00,365  INFO      ✅ raw_result loaded successfully.
2026-04-29 13:02:00,365  INFO      
2026-04-29 13:02:00,365  INFO      Loading nova_event.csv → raw_event ...
2026-04-29 13:02:00,366  INFO      ➡️ Loading raw_event → event_all ...
2026-04-29 13:02:00,366  INFO      ✅ event_all loaded successfully.
2026-04-29 13:02:00,366  INFO      ✅ raw_event loaded successfully.
2026-04-29 13:02:00,367  INFO      
2026-04-29 13:02:00,367  INFO      ==================================================
2026-04-29 13:02:00,367  INFO      🎉 All tables loaded successfully!
2026-04-29 13:02:00,368  INFO      ==================================================
2026-04-29 13:02:00,382  INFO      STEP 1 SUCCESS | Time: 0.48s
2026-04-29 13:02:00,383  INFO      ============================================================
2026-04-29 13:02:00,383  INFO      STEP 2 START | SILVER  - RAW to STG
2026-04-29 13:02:00,383  INFO      ============================================================
2026-04-29 13:02:00,505  INFO      2026-04-29 13:02:00,504  INFO      🚀 Starting Silver ETL...
2026-04-29 13:02:00,584  INFO      2026-04-29 13:02:00,584  INFO      ✅ Database connected.
2026-04-29 13:02:00,585  INFO      2026-04-29 13:02:00,585  INFO      ✅ Silver tables ready.
2026-04-29 13:02:00,585  INFO      2026-04-29 13:02:00,585  INFO      Truncating stg_client_result...
2026-04-29 13:02:00,589  INFO      2026-04-29 13:02:00,588  INFO      Loading stg_client_result...
2026-04-29 13:02:00,607  INFO      2026-04-29 13:02:00,607  INFO      ✅ stg_client_result loaded.
2026-04-29 13:02:00,608  INFO      2026-04-29 13:02:00,607  INFO      Truncating stg_event...
2026-04-29 13:02:00,610  INFO      2026-04-29 13:02:00,610  INFO      Loading stg_event...
2026-04-29 13:02:00,614  INFO      2026-04-29 13:02:00,613  INFO      ✅ stg_event loaded.
2026-04-29 13:02:00,614  INFO      2026-04-29 13:02:00,613  INFO      🎉 Silver layer load complete!
2026-04-29 13:02:00,614  INFO      2026-04-29 13:02:00,614  INFO      DB connection closed.
2026-04-29 13:02:00,638  INFO      STEP 2 SUCCESS | Time: 0.25s
2026-04-29 13:02:00,639  INFO      ============================================================
2026-04-29 13:02:00,639  INFO      STEP 3 START | DIM DATE - DATE DIMENSION
2026-04-29 13:02:00,639  INFO      ============================================================
2026-04-29 13:02:01,067  INFO      ✅ DIM_DATE LOADED SUCCESSFULLY
2026-04-29 13:02:01,084  INFO      STEP 3 SUCCESS | Time: 0.44s
2026-04-29 13:02:01,084  INFO      ============================================================
2026-04-29 13:02:01,085  INFO      STEP 4 START | GOLD    - STG to DIM/FACT
2026-04-29 13:02:01,085  INFO      ============================================================
2026-04-29 13:02:01,383  INFO      2026-04-29 13:02:01,383  INFO      Sequences ensured.
2026-04-29 13:02:01,406  INFO      2026-04-29 13:02:01,406  INFO      dim_client loaded: 1000 rows
2026-04-29 13:02:01,444  INFO      2026-04-29 13:02:01,444  INFO      dim_event loaded: 1 rows
2026-04-29 13:02:01,448  INFO      2026-04-29 13:02:01,447  INFO      dim_location loaded: 1 rows
2026-04-29 13:02:01,451  INFO      2026-04-29 13:02:01,451  INFO      dim_sponsor loaded: 1 rows
2026-04-29 13:02:01,470  INFO      2026-04-29 13:02:01,470  INFO      fact_race_result loaded: 1000 rows
2026-04-29 13:02:01,471  INFO      2026-04-29 13:02:01,471  INFO      Gold layer loaded successfully
2026-04-29 13:02:01,496  INFO      STEP 4 SUCCESS | Time: 0.41s
2026-04-29 13:02:01,496  INFO      ============================================================
2026-04-29 13:02:01,497  INFO      PIPELINE SUMMARY
2026-04-29 13:02:01,497  INFO      ============================================================
2026-04-29 13:02:01,497  INFO      Step 1 | SUCCESS | BRONZE  - CSV to RAW
2026-04-29 13:02:01,497  INFO      Step 2 | SUCCESS | SILVER  - RAW to STG
2026-04-29 13:02:01,498  INFO      Step 3 | SUCCESS | DIM DATE - DATE DIMENSION
2026-04-29 13:02:01,498  INFO      Step 4 | SUCCESS | GOLD    - STG to DIM/FACT
2026-04-29 13:02:01,498  INFO      ------------------------------------------------------------
2026-04-29 13:02:01,498  INFO      Start Time : 2026-04-29 13:01:59.900675
2026-04-29 13:02:01,499  INFO      End Time   : 2026-04-29 13:02:01.496515
2026-04-29 13:02:01,499  INFO      Total Time : 1.60s
2026-04-29 13:02:01,499  INFO      PIPELINE COMPLETED SUCCESSFULLY
2026-04-29 13:03:46,892  INFO      ============================================================
2026-04-29 13:03:46,892  INFO      NOVA MARATHON MASTER PIPELINE STARTED
2026-04-29 13:03:46,892  INFO      ============================================================
2026-04-29 13:03:46,893  INFO      ============================================================
2026-04-29 13:03:46,893  INFO      STEP 1 START | BRONZE  - CSV to RAW
2026-04-29 13:03:46,893  INFO      ============================================================
2026-04-29 13:03:47,285  INFO      
2026-04-29 13:03:47,286  INFO      Loading nova_registration.csv → raw_client ...
2026-04-29 13:03:47,286  INFO      ➡️ Loading raw_client → client_all ...
2026-04-29 13:03:47,286  INFO      ✅ client_all loaded successfully.
2026-04-29 13:03:47,286  INFO      ✅ raw_client loaded successfully.
2026-04-29 13:03:47,287  INFO      
2026-04-29 13:03:47,287  INFO      Loading nova_result.csv → raw_result ...
2026-04-29 13:03:47,287  INFO      ➡️ Loading raw_result → result_all ...
2026-04-29 13:03:47,287  INFO      ✅ result_all loaded successfully.
2026-04-29 13:03:47,287  INFO      ✅ raw_result loaded successfully.
2026-04-29 13:03:47,287  INFO      
2026-04-29 13:03:47,288  INFO      Loading nova_event.csv → raw_event ...
2026-04-29 13:03:47,288  INFO      ➡️ Loading raw_event → event_all ...
2026-04-29 13:03:47,288  INFO      ✅ event_all loaded successfully.
2026-04-29 13:03:47,288  INFO      ✅ raw_event loaded successfully.
2026-04-29 13:03:47,288  INFO      
2026-04-29 13:03:47,289  INFO      ==================================================
2026-04-29 13:03:47,289  INFO      🎉 All tables loaded successfully!
2026-04-29 13:03:47,289  INFO      ==================================================
2026-04-29 13:03:47,303  INFO      STEP 1 SUCCESS | Time: 0.41s
2026-04-29 13:03:47,304  INFO      ============================================================
2026-04-29 13:03:47,304  INFO      STEP 2 START | SILVER  - RAW to STG
2026-04-29 13:03:47,304  INFO      ============================================================
2026-04-29 13:03:47,439  INFO      2026-04-29 13:03:47,438  INFO      🚀 Starting Silver ETL...
2026-04-29 13:03:47,485  INFO      2026-04-29 13:03:47,485  INFO      ✅ Database connected.
2026-04-29 13:03:47,486  INFO      2026-04-29 13:03:47,486  INFO      ✅ Silver tables ready.
2026-04-29 13:03:47,487  INFO      2026-04-29 13:03:47,486  INFO      Truncating stg_client_result...
2026-04-29 13:03:47,489  INFO      2026-04-29 13:03:47,489  INFO      Loading stg_client_result...
2026-04-29 13:03:47,537  INFO      2026-04-29 13:03:47,537  INFO      ✅ stg_client_result loaded.
2026-04-29 13:03:47,537  INFO      2026-04-29 13:03:47,537  INFO      Truncating stg_event...
2026-04-29 13:03:47,539  INFO      2026-04-29 13:03:47,539  INFO      Loading stg_event...
2026-04-29 13:03:47,544  INFO      2026-04-29 13:03:47,544  INFO      ✅ stg_event loaded.
2026-04-29 13:03:47,545  INFO      2026-04-29 13:03:47,544  INFO      🎉 Silver layer load complete!
2026-04-29 13:03:47,545  INFO      2026-04-29 13:03:47,545  INFO      DB connection closed.
2026-04-29 13:03:47,569  INFO      STEP 2 SUCCESS | Time: 0.26s
2026-04-29 13:03:47,569  INFO      ============================================================
2026-04-29 13:03:47,569  INFO      STEP 3 START | DIM DATE - DATE DIMENSION
2026-04-29 13:03:47,570  INFO      ============================================================
2026-04-29 13:03:48,026  INFO      ✅ DIM_DATE LOADED SUCCESSFULLY
2026-04-29 13:03:48,045  INFO      STEP 3 SUCCESS | Time: 0.47s
2026-04-29 13:03:48,045  INFO      ============================================================
2026-04-29 13:03:48,046  INFO      STEP 4 START | GOLD    - STG to DIM/FACT
2026-04-29 13:03:48,046  INFO      ============================================================
2026-04-29 13:03:48,223  INFO      2026-04-29 13:03:48,223  INFO      Sequences ensured.
2026-04-29 13:03:48,238  INFO      2026-04-29 13:03:48,238  INFO      dim_client loaded: 10 rows
2026-04-29 13:03:48,275  INFO      2026-04-29 13:03:48,275  INFO      dim_event loaded: 1 rows
2026-04-29 13:03:48,280  INFO      2026-04-29 13:03:48,279  INFO      dim_location loaded: 1 rows
2026-04-29 13:03:48,285  INFO      2026-04-29 13:03:48,284  INFO      dim_sponsor loaded: 1 rows
2026-04-29 13:03:48,302  INFO      2026-04-29 13:03:48,302  INFO      fact_race_result loaded: 10 rows
2026-04-29 13:03:48,303  INFO      2026-04-29 13:03:48,303  INFO      Gold layer loaded successfully
2026-04-29 13:03:48,325  INFO      STEP 4 SUCCESS | Time: 0.28s
2026-04-29 13:03:48,325  INFO      ============================================================
2026-04-29 13:03:48,326  INFO      PIPELINE SUMMARY
2026-04-29 13:03:48,326  INFO      ============================================================
2026-04-29 13:03:48,326  INFO      Step 1 | SUCCESS | BRONZE  - CSV to RAW
2026-04-29 13:03:48,326  INFO      Step 2 | SUCCESS | SILVER  - RAW to STG
2026-04-29 13:03:48,326  INFO      Step 3 | SUCCESS | DIM DATE - DATE DIMENSION
2026-04-29 13:03:48,326  INFO      Step 4 | SUCCESS | GOLD    - STG to DIM/FACT
2026-04-29 13:03:48,327  INFO      ------------------------------------------------------------
2026-04-29 13:03:48,327  INFO      Start Time : 2026-04-29 13:03:46.892324
2026-04-29 13:03:48,327  INFO      End Time   : 2026-04-29 13:03:48.325722
2026-04-29 13:03:48,327  INFO      Total Time : 1.43s
2026-04-29 13:03:48,327  INFO      PIPELINE COMPLETED SUCCESSFULLY
2026-04-29 13:16:40,428  INFO      ============================================================
2026-04-29 13:16:40,429  INFO      NOVA MARATHON MASTER PIPELINE STARTED
2026-04-29 13:16:40,429  INFO      ============================================================
2026-04-29 13:16:40,430  INFO      ============================================================
2026-04-29 13:16:40,430  INFO      STEP 1 START | BRONZE  - CSV to RAW
2026-04-29 13:16:40,430  INFO      ============================================================
2026-04-29 13:16:40,737  INFO      
2026-04-29 13:16:40,738  INFO      Loading nova_registration.csv → raw_client ...
2026-04-29 13:16:40,738  INFO      ➡️ Loading raw_client → client_all ...
2026-04-29 13:16:40,739  INFO      ✅ client_all loaded successfully.
2026-04-29 13:16:40,739  INFO      ✅ raw_client loaded successfully.
2026-04-29 13:16:40,739  INFO      
2026-04-29 13:16:40,739  INFO      Loading nova_result.csv → raw_result ...
2026-04-29 13:16:40,739  INFO      ➡️ Loading raw_result → result_all ...
2026-04-29 13:16:40,739  INFO      ✅ result_all loaded successfully.
2026-04-29 13:16:40,740  INFO      ✅ raw_result loaded successfully.
2026-04-29 13:16:40,740  INFO      
2026-04-29 13:16:40,740  INFO      Loading nova_event.csv → raw_event ...
2026-04-29 13:16:40,740  INFO      ➡️ Loading raw_event → event_all ...
2026-04-29 13:16:40,740  INFO      ✅ event_all loaded successfully.
2026-04-29 13:16:40,740  INFO      ✅ raw_event loaded successfully.
2026-04-29 13:16:40,741  INFO      
2026-04-29 13:16:40,741  INFO      ==================================================
2026-04-29 13:16:40,741  INFO      🎉 All tables loaded successfully!
2026-04-29 13:16:40,741  INFO      ==================================================
2026-04-29 13:16:40,754  INFO      STEP 1 SUCCESS | Time: 0.32s
2026-04-29 13:16:40,754  INFO      ============================================================
2026-04-29 13:16:40,755  INFO      STEP 2 START | SILVER  - RAW to STG
2026-04-29 13:16:40,755  INFO      ============================================================
2026-04-29 13:16:40,891  INFO      2026-04-29 13:16:40,891  INFO      🚀 Starting Silver ETL...
2026-04-29 13:16:40,938  INFO      2026-04-29 13:16:40,937  INFO      ✅ Database connected.
2026-04-29 13:16:40,939  INFO      2026-04-29 13:16:40,939  INFO      ✅ Silver tables ready.
2026-04-29 13:16:40,939  INFO      2026-04-29 13:16:40,939  INFO      Truncating stg_client_result...
2026-04-29 13:16:40,944  INFO      2026-04-29 13:16:40,944  INFO      Loading stg_client_result...
2026-04-29 13:16:40,951  INFO      2026-04-29 13:16:40,951  INFO      ✅ stg_client_result loaded.
2026-04-29 13:16:40,951  INFO      2026-04-29 13:16:40,951  INFO      Truncating stg_event...
2026-04-29 13:16:40,953  INFO      2026-04-29 13:16:40,953  INFO      Loading stg_event...
2026-04-29 13:16:40,958  INFO      2026-04-29 13:16:40,958  INFO      ✅ stg_event loaded.
2026-04-29 13:16:40,958  INFO      2026-04-29 13:16:40,958  INFO      🎉 Silver layer load complete!
2026-04-29 13:16:40,958  INFO      2026-04-29 13:16:40,958  INFO      DB connection closed.
2026-04-29 13:16:40,979  INFO      STEP 2 SUCCESS | Time: 0.22s
2026-04-29 13:16:40,980  INFO      ============================================================
2026-04-29 13:16:40,980  INFO      STEP 3 START | GOLD    - STG to DIM/FACT
2026-04-29 13:16:40,980  INFO      ============================================================
2026-04-29 13:16:41,146  INFO      2026-04-29 13:16:41,146  INFO      Sequences ensured.
2026-04-29 13:16:41,150  INFO      2026-04-29 13:16:41,150  INFO      dim_client loaded: 10 rows
2026-04-29 13:16:41,186  INFO      2026-04-29 13:16:41,186  INFO      dim_event loaded: 1 rows
2026-04-29 13:16:41,190  INFO      2026-04-29 13:16:41,190  INFO      dim_location loaded: 1 rows
2026-04-29 13:16:41,193  INFO      2026-04-29 13:16:41,193  INFO      dim_sponsor loaded: 1 rows
2026-04-29 13:16:41,198  INFO      2026-04-29 13:16:41,198  INFO      fact_race_result loaded: 10 rows
2026-04-29 13:16:41,198  INFO      2026-04-29 13:16:41,198  INFO      Gold layer loaded successfully
2026-04-29 13:16:41,222  INFO      STEP 3 SUCCESS | Time: 0.24s
2026-04-29 13:16:41,223  INFO      ============================================================
2026-04-29 13:16:41,223  INFO      PIPELINE SUMMARY
2026-04-29 13:16:41,223  INFO      ============================================================
2026-04-29 13:16:41,223  INFO      Step 1 | SUCCESS | BRONZE  - CSV to RAW
2026-04-29 13:16:41,224  INFO      Step 2 | SUCCESS | SILVER  - RAW to STG
2026-04-29 13:16:41,224  INFO      Step 3 | SUCCESS | GOLD    - STG to DIM/FACT
2026-04-29 13:16:41,224  INFO      ------------------------------------------------------------
2026-04-29 13:16:41,225  INFO      Start Time : 2026-04-29 13:16:40.428876
2026-04-29 13:16:41,225  INFO      End Time   : 2026-04-29 13:16:41.223162
2026-04-29 13:16:41,225  INFO      Total Time : 0.79s
2026-04-29 13:16:41,225  INFO      PIPELINE COMPLETED SUCCESSFULLY
2026-04-29 13:17:07,775  INFO      ============================================================
2026-04-29 13:17:07,775  INFO      NOVA MARATHON MASTER PIPELINE STARTED
2026-04-29 13:17:07,775  INFO      ============================================================
2026-04-29 13:17:07,775  INFO      ============================================================
2026-04-29 13:17:07,776  INFO      STEP 1 START | BRONZE  - CSV to RAW
2026-04-29 13:17:07,776  INFO      ============================================================
2026-04-29 13:17:08,061  INFO      
2026-04-29 13:17:08,062  INFO      Loading nova_registration.csv → raw_client ...
2026-04-29 13:17:08,062  INFO      ➡️ Loading raw_client → client_all ...
2026-04-29 13:17:08,062  INFO      ✅ client_all loaded successfully.
2026-04-29 13:17:08,063  INFO      ✅ raw_client loaded successfully.
2026-04-29 13:17:08,063  INFO      
2026-04-29 13:17:08,063  INFO      Loading nova_result.csv → raw_result ...
2026-04-29 13:17:08,063  INFO      ➡️ Loading raw_result → result_all ...
2026-04-29 13:17:08,063  INFO      ✅ result_all loaded successfully.
2026-04-29 13:17:08,064  INFO      ✅ raw_result loaded successfully.
2026-04-29 13:17:08,064  INFO      
2026-04-29 13:17:08,064  INFO      Loading nova_event.csv → raw_event ...
2026-04-29 13:17:08,064  INFO      ➡️ Loading raw_event → event_all ...
2026-04-29 13:17:08,064  INFO      ✅ event_all loaded successfully.
2026-04-29 13:17:08,065  INFO      ✅ raw_event loaded successfully.
2026-04-29 13:17:08,065  INFO      
2026-04-29 13:17:08,065  INFO      ==================================================
2026-04-29 13:17:08,065  INFO      🎉 All tables loaded successfully!
2026-04-29 13:17:08,065  INFO      ==================================================
2026-04-29 13:17:08,079  INFO      STEP 1 SUCCESS | Time: 0.30s
2026-04-29 13:17:08,080  INFO      ============================================================
2026-04-29 13:17:08,080  INFO      STEP 2 START | SILVER  - RAW to STG
2026-04-29 13:17:08,080  INFO      ============================================================
2026-04-29 13:17:08,217  INFO      2026-04-29 13:17:08,216  INFO      🚀 Starting Silver ETL...
2026-04-29 13:17:08,279  INFO      2026-04-29 13:17:08,279  INFO      ✅ Database connected.
2026-04-29 13:17:08,281  INFO      2026-04-29 13:17:08,281  INFO      ✅ Silver tables ready.
2026-04-29 13:17:08,281  INFO      2026-04-29 13:17:08,281  INFO      Truncating stg_client_result...
2026-04-29 13:17:08,284  INFO      2026-04-29 13:17:08,284  INFO      Loading stg_client_result...
2026-04-29 13:17:08,325  INFO      2026-04-29 13:17:08,325  INFO      ✅ stg_client_result loaded.
2026-04-29 13:17:08,326  INFO      2026-04-29 13:17:08,325  INFO      Truncating stg_event...
2026-04-29 13:17:08,330  INFO      2026-04-29 13:17:08,330  INFO      Loading stg_event...
2026-04-29 13:17:08,337  INFO      2026-04-29 13:17:08,336  INFO      ✅ stg_event loaded.
2026-04-29 13:17:08,337  INFO      2026-04-29 13:17:08,337  INFO      🎉 Silver layer load complete!
2026-04-29 13:17:08,338  INFO      2026-04-29 13:17:08,337  INFO      DB connection closed.
2026-04-29 13:17:08,380  INFO      STEP 2 SUCCESS | Time: 0.30s
2026-04-29 13:17:08,381  INFO      ============================================================
2026-04-29 13:17:08,381  INFO      STEP 3 START | GOLD    - STG to DIM/FACT
2026-04-29 13:17:08,381  INFO      ============================================================
2026-04-29 13:17:08,586  INFO      2026-04-29 13:17:08,586  INFO      Sequences ensured.
2026-04-29 13:17:08,592  INFO      2026-04-29 13:17:08,592  INFO      dim_client loaded: 10 rows
2026-04-29 13:17:08,629  INFO      2026-04-29 13:17:08,629  INFO      dim_event loaded: 1 rows
2026-04-29 13:17:08,634  INFO      2026-04-29 13:17:08,634  INFO      dim_location loaded: 1 rows
2026-04-29 13:17:08,639  INFO      2026-04-29 13:17:08,638  INFO      dim_sponsor loaded: 1 rows
2026-04-29 13:17:08,644  INFO      2026-04-29 13:17:08,644  INFO      fact_race_result loaded: 0 rows
2026-04-29 13:17:08,644  INFO      2026-04-29 13:17:08,644  INFO      Gold layer loaded successfully
2026-04-29 13:17:08,671  INFO      STEP 3 SUCCESS | Time: 0.29s
2026-04-29 13:17:08,672  INFO      ============================================================
2026-04-29 13:17:08,672  INFO      PIPELINE SUMMARY
2026-04-29 13:17:08,672  INFO      ============================================================
2026-04-29 13:17:08,672  INFO      Step 1 | SUCCESS | BRONZE  - CSV to RAW
2026-04-29 13:17:08,673  INFO      Step 2 | SUCCESS | SILVER  - RAW to STG
2026-04-29 13:17:08,673  INFO      Step 3 | SUCCESS | GOLD    - STG to DIM/FACT
2026-04-29 13:17:08,673  INFO      ------------------------------------------------------------
2026-04-29 13:17:08,673  INFO      Start Time : 2026-04-29 13:17:07.775063
2026-04-29 13:17:08,673  INFO      End Time   : 2026-04-29 13:17:08.672375
2026-04-29 13:17:08,673  INFO      Total Time : 0.90s
2026-04-29 13:17:08,673  INFO      PIPELINE COMPLETED SUCCESSFULLY
2026-04-29 13:27:56,033  INFO      ============================================================
2026-04-29 13:27:56,033  INFO      NOVA MARATHON MASTER PIPELINE STARTED
2026-04-29 13:27:56,034  INFO      ============================================================
2026-04-29 13:27:56,034  INFO      ============================================================
2026-04-29 13:27:56,035  INFO      STEP 1 START | BRONZE  - CSV to RAW
2026-04-29 13:27:56,035  INFO      ============================================================
2026-04-29 13:27:56,414  INFO      
2026-04-29 13:27:56,414  INFO      Loading nova_registration.csv → raw_client ...
2026-04-29 13:27:56,414  INFO      ➡️ Loading raw_client → client_all ...
2026-04-29 13:27:56,415  INFO      ✅ client_all loaded successfully.
2026-04-29 13:27:56,415  INFO      ✅ raw_client loaded successfully.
2026-04-29 13:27:56,415  INFO      
2026-04-29 13:27:56,415  INFO      Loading nova_result.csv → raw_result ...
2026-04-29 13:27:56,416  INFO      ➡️ Loading raw_result → result_all ...
2026-04-29 13:27:56,416  INFO      ✅ result_all loaded successfully.
2026-04-29 13:27:56,416  INFO      ✅ raw_result loaded successfully.
2026-04-29 13:27:56,416  INFO      
2026-04-29 13:27:56,417  INFO      Loading nova_event.csv → raw_event ...
2026-04-29 13:27:56,417  INFO      ➡️ Loading raw_event → event_all ...
2026-04-29 13:27:56,417  INFO      ✅ event_all loaded successfully.
2026-04-29 13:27:56,418  INFO      ✅ raw_event loaded successfully.
2026-04-29 13:27:56,418  INFO      
2026-04-29 13:27:56,418  INFO      ==================================================
2026-04-29 13:27:56,418  INFO      🎉 All tables loaded successfully!
2026-04-29 13:27:56,418  INFO      ==================================================
2026-04-29 13:27:56,436  INFO      STEP 1 SUCCESS | Time: 0.40s
2026-04-29 13:27:56,437  INFO      ============================================================
2026-04-29 13:27:56,437  INFO      STEP 2 START | SILVER  - RAW to STG
2026-04-29 13:27:56,437  INFO      ============================================================
2026-04-29 13:27:56,620  INFO      2026-04-29 13:27:56,619  INFO      🚀 Starting Silver ETL...
2026-04-29 13:27:56,690  INFO      2026-04-29 13:27:56,689  INFO      ✅ Database connected.
2026-04-29 13:27:56,691  INFO      2026-04-29 13:27:56,691  INFO      ✅ Silver tables ready.
2026-04-29 13:27:56,692  INFO      2026-04-29 13:27:56,691  INFO      Truncating stg_client_result...
2026-04-29 13:27:56,696  INFO      2026-04-29 13:27:56,696  INFO      Loading stg_client_result...
2026-04-29 13:27:56,742  INFO      2026-04-29 13:27:56,742  INFO      ✅ stg_client_result loaded.
2026-04-29 13:27:56,743  INFO      2026-04-29 13:27:56,742  INFO      Truncating stg_event...
2026-04-29 13:27:56,746  INFO      2026-04-29 13:27:56,745  INFO      Loading stg_event...
2026-04-29 13:27:56,749  INFO      2026-04-29 13:27:56,749  INFO      ✅ stg_event loaded.
2026-04-29 13:27:56,750  INFO      2026-04-29 13:27:56,749  INFO      🎉 Silver layer load complete!
2026-04-29 13:27:56,752  INFO      2026-04-29 13:27:56,750  INFO      DB connection closed.
2026-04-29 13:27:56,778  INFO      STEP 2 SUCCESS | Time: 0.34s
2026-04-29 13:27:56,778  INFO      ============================================================
2026-04-29 13:27:56,778  INFO      STEP 3 START | GOLD    - STG to DIM/FACT
2026-04-29 13:27:56,779  INFO      ============================================================
2026-04-29 13:27:57,003  INFO      2026-04-29 13:27:57,003  INFO      Sequences ensured.
2026-04-29 13:27:57,009  INFO      2026-04-29 13:27:57,008  INFO      dim_client loaded: 10 rows
2026-04-29 13:27:57,045  INFO      2026-04-29 13:27:57,045  INFO      dim_event loaded: 1 rows
2026-04-29 13:27:57,050  INFO      2026-04-29 13:27:57,050  INFO      dim_location loaded: 1 rows
2026-04-29 13:27:57,055  INFO      2026-04-29 13:27:57,055  INFO      dim_sponsor loaded: 1 rows
2026-04-29 13:27:57,062  INFO      2026-04-29 13:27:57,062  INFO      fact_race_result loaded: 10 rows
2026-04-29 13:27:57,063  INFO      2026-04-29 13:27:57,063  INFO      Gold layer loaded successfully
2026-04-29 13:27:57,094  INFO      STEP 3 SUCCESS | Time: 0.32s
2026-04-29 13:27:57,095  INFO      ============================================================
2026-04-29 13:27:57,095  INFO      PIPELINE SUMMARY
2026-04-29 13:27:57,095  INFO      ============================================================
2026-04-29 13:27:57,095  INFO      Step 1 | SUCCESS | BRONZE  - CSV to RAW
2026-04-29 13:27:57,095  INFO      Step 2 | SUCCESS | SILVER  - RAW to STG
2026-04-29 13:27:57,096  INFO      Step 3 | SUCCESS | GOLD    - STG to DIM/FACT
2026-04-29 13:27:57,096  INFO      ------------------------------------------------------------
2026-04-29 13:27:57,096  INFO      Start Time : 2026-04-29 13:27:56.033131
2026-04-29 13:27:57,096  INFO      End Time   : 2026-04-29 13:27:57.095130
2026-04-29 13:27:57,096  INFO      Total Time : 1.06s
2026-04-29 13:27:57,096  INFO      PIPELINE COMPLETED SUCCESSFULLY
2026-04-29 13:32:11,704  INFO      ============================================================
2026-04-29 13:32:11,704  INFO      NOVA MARATHON MASTER PIPELINE STARTED
2026-04-29 13:32:11,705  INFO      ============================================================
2026-04-29 13:32:11,705  INFO      ============================================================
2026-04-29 13:32:11,705  INFO      STEP 1 START | BRONZE  - CSV to RAW
2026-04-29 13:32:11,705  INFO      ============================================================
2026-04-29 13:32:12,120  INFO      
2026-04-29 13:32:12,120  INFO      Loading nova_registration.csv → raw_client ...
2026-04-29 13:32:12,120  INFO      ➡️ Loading raw_client → client_all ...
2026-04-29 13:32:12,121  INFO      ✅ client_all loaded successfully.
2026-04-29 13:32:12,121  INFO      ✅ raw_client loaded successfully.
2026-04-29 13:32:12,122  INFO      
2026-04-29 13:32:12,122  INFO      Loading nova_result.csv → raw_result ...
2026-04-29 13:32:12,122  INFO      ➡️ Loading raw_result → result_all ...
2026-04-29 13:32:12,122  INFO      ✅ result_all loaded successfully.
2026-04-29 13:32:12,123  INFO      ✅ raw_result loaded successfully.
2026-04-29 13:32:12,123  INFO      
2026-04-29 13:32:12,123  INFO      Loading nova_event.csv → raw_event ...
2026-04-29 13:32:12,124  INFO      ➡️ Loading raw_event → event_all ...
2026-04-29 13:32:12,125  INFO      ✅ event_all loaded successfully.
2026-04-29 13:32:12,125  INFO      ✅ raw_event loaded successfully.
2026-04-29 13:32:12,126  INFO      
2026-04-29 13:32:12,127  INFO      ==================================================
2026-04-29 13:32:12,127  INFO      🎉 All tables loaded successfully!
2026-04-29 13:32:12,127  INFO      ==================================================
2026-04-29 13:32:12,141  INFO      STEP 1 SUCCESS | Time: 0.44s
2026-04-29 13:32:12,141  INFO      ============================================================
2026-04-29 13:32:12,142  INFO      STEP 2 START | SILVER  - RAW to STG
2026-04-29 13:32:12,142  INFO      ============================================================
2026-04-29 13:32:12,341  INFO      2026-04-29 13:32:12,341  INFO      🚀 Starting Silver ETL...
2026-04-29 13:32:12,409  INFO      2026-04-29 13:32:12,409  INFO      ✅ Database connected.
2026-04-29 13:32:12,411  INFO      2026-04-29 13:32:12,410  INFO      ✅ Silver tables ready.
2026-04-29 13:32:12,412  INFO      2026-04-29 13:32:12,411  INFO      Truncating stg_client_result...
2026-04-29 13:32:12,416  INFO      2026-04-29 13:32:12,416  INFO      Loading stg_client_result...
2026-04-29 13:32:12,430  INFO      2026-04-29 13:32:12,430  INFO      ✅ stg_client_result loaded.
2026-04-29 13:32:12,430  INFO      2026-04-29 13:32:12,430  INFO      Truncating stg_event...
2026-04-29 13:32:12,434  INFO      2026-04-29 13:32:12,434  INFO      Loading stg_event...
2026-04-29 13:32:12,440  INFO      2026-04-29 13:32:12,439  INFO      ✅ stg_event loaded.
2026-04-29 13:32:12,440  INFO      2026-04-29 13:32:12,440  INFO      🎉 Silver layer load complete!
2026-04-29 13:32:12,440  INFO      2026-04-29 13:32:12,440  INFO      DB connection closed.
2026-04-29 13:32:12,472  INFO      STEP 2 SUCCESS | Time: 0.33s
2026-04-29 13:32:12,473  INFO      ============================================================
2026-04-29 13:32:12,474  INFO      STEP 3 START | GOLD    - STG to DIM/FACT
2026-04-29 13:32:12,474  INFO      ============================================================
2026-04-29 13:32:12,738  INFO      2026-04-29 13:32:12,738  INFO      Sequences ensured.
2026-04-29 13:32:12,745  INFO      2026-04-29 13:32:12,744  INFO      dim_client loaded: 10 rows
2026-04-29 13:32:12,755  INFO      2026-04-29 13:32:12,755  INFO      dim_event loaded: 1 rows
2026-04-29 13:32:12,760  INFO      2026-04-29 13:32:12,759  INFO      dim_location loaded: 1 rows
2026-04-29 13:32:12,764  INFO      2026-04-29 13:32:12,764  INFO      dim_sponsor loaded: 1 rows
2026-04-29 13:32:12,771  INFO      2026-04-29 13:32:12,770  INFO      fact_race_result loaded: 10 rows
2026-04-29 13:32:12,772  INFO      2026-04-29 13:32:12,771  INFO      Gold layer loaded successfully
2026-04-29 13:32:12,809  INFO      STEP 3 SUCCESS | Time: 0.33s
2026-04-29 13:32:12,810  INFO      ============================================================
2026-04-29 13:32:12,810  INFO      PIPELINE SUMMARY
2026-04-29 13:32:12,810  INFO      ============================================================
2026-04-29 13:32:12,810  INFO      Step 1 | SUCCESS | BRONZE  - CSV to RAW
2026-04-29 13:32:12,810  INFO      Step 2 | SUCCESS | SILVER  - RAW to STG
2026-04-29 13:32:12,810  INFO      Step 3 | SUCCESS | GOLD    - STG to DIM/FACT
2026-04-29 13:32:12,811  INFO      ------------------------------------------------------------
2026-04-29 13:32:12,811  INFO      Start Time : 2026-04-29 13:32:11.704092
2026-04-29 13:32:12,811  INFO      End Time   : 2026-04-29 13:32:12.809957
2026-04-29 13:32:12,811  INFO      Total Time : 1.11s
2026-04-29 13:32:12,811  INFO      PIPELINE COMPLETED SUCCESSFULLY
