2026-04-29 12:54:35,555  INFO      🚀 Starting Silver ETL...
2026-04-29 12:54:35,748  INFO      ✅ Database connected.
2026-04-29 12:54:35,755  INFO      ✅ Silver tables ready.
2026-04-29 12:54:35,755  INFO      Truncating stg_client_result...
2026-04-29 12:54:35,764  INFO      Loading stg_client_result...
2026-04-29 12:54:35,819  INFO      ✅ stg_client_result loaded.
2026-04-29 12:54:35,819  INFO      Truncating stg_event...
2026-04-29 12:54:35,825  INFO      Loading stg_event...
2026-04-29 12:54:35,832  INFO      ✅ stg_event loaded.
2026-04-29 12:54:35,832  INFO      🎉 Silver layer load complete!
2026-04-29 12:54:35,832  INFO      DB connection closed.
2026-04-29 13:01:30,526  INFO      🚀 Starting Silver ETL...
2026-04-29 13:01:30,615  INFO      ✅ Database connected.
2026-04-29 13:01:30,617  INFO      ✅ Silver tables ready.
2026-04-29 13:01:30,618  INFO      Truncating stg_client_result...
2026-04-29 13:01:30,623  INFO      Loading stg_client_result...
2026-04-29 13:01:30,651  INFO      ✅ stg_client_result loaded.
2026-04-29 13:01:30,651  INFO      Truncating stg_event...
2026-04-29 13:01:30,655  INFO      Loading stg_event...
2026-04-29 13:01:30,660  INFO      ✅ stg_event loaded.
2026-04-29 13:01:30,660  INFO      🎉 Silver layer load complete!
2026-04-29 13:01:30,660  INFO      DB connection closed.
2026-04-29 13:02:00,504  INFO      🚀 Starting Silver ETL...
2026-04-29 13:02:00,584  INFO      ✅ Database connected.
2026-04-29 13:02:00,585  INFO      ✅ Silver tables ready.
2026-04-29 13:02:00,585  INFO      Truncating stg_client_result...
2026-04-29 13:02:00,588  INFO      Loading stg_client_result...
2026-04-29 13:02:00,607  INFO      ✅ stg_client_result loaded.
2026-04-29 13:02:00,607  INFO      Truncating stg_event...
2026-04-29 13:02:00,610  INFO      Loading stg_event...
2026-04-29 13:02:00,613  INFO      ✅ stg_event loaded.
2026-04-29 13:02:00,613  INFO      🎉 Silver layer load complete!
2026-04-29 13:02:00,614  INFO      DB connection closed.
2026-04-29 13:03:47,438  INFO      🚀 Starting Silver ETL...
2026-04-29 13:03:47,485  INFO      ✅ Database connected.
2026-04-29 13:03:47,486  INFO      ✅ Silver tables ready.
2026-04-29 13:03:47,486  INFO      Truncating stg_client_result...
2026-04-29 13:03:47,489  INFO      Loading stg_client_result...
2026-04-29 13:03:47,537  INFO      ✅ stg_client_result loaded.
2026-04-29 13:03:47,537  INFO      Truncating stg_event...
2026-04-29 13:03:47,539  INFO      Loading stg_event...
2026-04-29 13:03:47,544  INFO      ✅ stg_event loaded.
2026-04-29 13:03:47,544  INFO      🎉 Silver layer load complete!
2026-04-29 13:03:47,545  INFO      DB connection closed.
2026-04-29 13:16:40,891  INFO      🚀 Starting Silver ETL...
2026-04-29 13:16:40,937  INFO      ✅ Database connected.
2026-04-29 13:16:40,939  INFO      ✅ Silver tables ready.
2026-04-29 13:16:40,939  INFO      Truncating stg_client_result...
2026-04-29 13:16:40,944  INFO      Loading stg_client_result...
2026-04-29 13:16:40,951  INFO      ✅ stg_client_result loaded.
2026-04-29 13:16:40,951  INFO      Truncating stg_event...
2026-04-29 13:16:40,953  INFO      Loading stg_event...
2026-04-29 13:16:40,958  INFO      ✅ stg_event loaded.
2026-04-29 13:16:40,958  INFO      🎉 Silver layer load complete!
2026-04-29 13:16:40,958  INFO      DB connection closed.
2026-04-29 13:17:08,216  INFO      🚀 Starting Silver ETL...
2026-04-29 13:17:08,279  INFO      ✅ Database connected.
2026-04-29 13:17:08,281  INFO      ✅ Silver tables ready.
2026-04-29 13:17:08,281  INFO      Truncating stg_client_result...
2026-04-29 13:17:08,284  INFO      Loading stg_client_result...
2026-04-29 13:17:08,325  INFO      ✅ stg_client_result loaded.
2026-04-29 13:17:08,325  INFO      Truncating stg_event...
2026-04-29 13:17:08,330  INFO      Loading stg_event...
2026-04-29 13:17:08,336  INFO      ✅ stg_event loaded.
2026-04-29 13:17:08,337  INFO      🎉 Silver layer load complete!
2026-04-29 13:17:08,337  INFO      DB connection closed.
2026-04-29 13:27:56,619  INFO      🚀 Starting Silver ETL...
2026-04-29 13:27:56,689  INFO      ✅ Database connected.
2026-04-29 13:27:56,691  INFO      ✅ Silver tables ready.
2026-04-29 13:27:56,691  INFO      Truncating stg_client_result...
2026-04-29 13:27:56,696  INFO      Loading stg_client_result...
2026-04-29 13:27:56,742  INFO      ✅ stg_client_result loaded.
2026-04-29 13:27:56,742  INFO      Truncating stg_event...
2026-04-29 13:27:56,745  INFO      Loading stg_event...
2026-04-29 13:27:56,749  INFO      ✅ stg_event loaded.
2026-04-29 13:27:56,749  INFO      🎉 Silver layer load complete!
2026-04-29 13:27:56,750  INFO      DB connection closed.
2026-04-29 13:32:12,341  INFO      🚀 Starting Silver ETL...
2026-04-29 13:32:12,409  INFO      ✅ Database connected.
2026-04-29 13:32:12,410  INFO      ✅ Silver tables ready.
2026-04-29 13:32:12,411  INFO      Truncating stg_client_result...
2026-04-29 13:32:12,416  INFO      Loading stg_client_result...
2026-04-29 13:32:12,430  INFO      ✅ stg_client_result loaded.
2026-04-29 13:32:12,430  INFO      Truncating stg_event...
2026-04-29 13:32:12,434  INFO      Loading stg_event...
2026-04-29 13:32:12,439  INFO      ✅ stg_event loaded.
2026-04-29 13:32:12,440  INFO      🎉 Silver layer load complete!
2026-04-29 13:32:12,440  INFO      DB connection closed.
